[0m09:26:13.434379 [debug] [MainThread]: Sending event: {'category': 'dbt', 'action': 'invocation', 'label': 'start', 'context': [<snowplow_tracker.self_describing_json.SelfDescribingJson object at 0x7fd2505e5b20>, <snowplow_tracker.self_describing_json.SelfDescribingJson object at 0x7fd250960ef0>, <snowplow_tracker.self_describing_json.SelfDescribingJson object at 0x7fd2512ab1a0>]}


============================== 09:26:13.438797 | 3f828a7a-2d0c-4322-8707-974389582d54 ==============================
[0m09:26:13.438797 [info ] [MainThread]: Running with dbt=1.11.5
[0m09:26:13.439535 [debug] [MainThread]: running dbt with arguments {'log_path': 'logs', 'cache_selected_only': 'False', 'write_json': 'True', 'partial_parse': 'True', 'debug': 'False', 'introspect': 'True', 'use_colors': 'True', 'log_cache_events': 'False', 'use_experimental_parser': 'False', 'version_check': 'True', 'warn_error_options': 'WarnErrorOptionsV2(error=[], warn=[], silence=[])', 'no_print': 'None', 'target_path': 'None', 'static_parser': 'True', 'send_anonymous_usage_stats': 'True', 'profiles_dir': '/home/caelan/.dbt', 'fail_fast': 'False', 'quiet': 'False', 'empty': 'None', 'indirect_selection': 'eager', 'warn_error': 'None', 'log_format': 'default', 'printer_width': '80', 'invocation_command': 'dbt init dbt_project'}
[0m09:26:13.450989 [debug] [MainThread]: Starter project path: /home/caelan/projects/modern-data-platform-dagster/venv/lib/python3.12/site-packages/dbt/include/starter_project
[0m09:26:13.457157 [info ] [MainThread]: 
Your new dbt project "dbt_project" was created!

For more information on how to configure the profiles.yml file,
please consult the dbt documentation here:

  https://docs.getdbt.com/docs/configure-your-profile

One more thing:

Need help? Don't hesitate to reach out to us via GitHub issues or on Slack:

  https://community.getdbt.com/

Happy modeling!

[0m09:26:13.457675 [info ] [MainThread]: Setting up your profile.
[0m09:26:13.460431 [debug] [MainThread]: Resource report: {"command_name": "init", "command_success": true, "command_wall_clock_time": 0.11309081, "process_in_blocks": "592", "process_kernel_time": 0.278791, "process_mem_max_rss": "101068", "process_out_blocks": "64", "process_user_time": 1.817717}
[0m09:26:13.461076 [debug] [MainThread]: Command `dbt init` succeeded at 09:26:13.460940 after 0.11 seconds
[0m09:26:13.461547 [debug] [MainThread]: Sending event: {'category': 'dbt', 'action': 'invocation', 'label': 'end', 'context': [<snowplow_tracker.self_describing_json.SelfDescribingJson object at 0x7fd24fe7c3b0>, <snowplow_tracker.self_describing_json.SelfDescribingJson object at 0x7fd24fe7efc0>, <snowplow_tracker.self_describing_json.SelfDescribingJson object at 0x7fd24fb90fb0>]}
[0m09:26:13.462036 [debug] [MainThread]: Flushing usage events
[0m09:26:22.305035 [debug] [MainThread]: An error was encountered while trying to flush usage events
[0m09:26:39.201118 [debug] [MainThread]: Sending event: {'category': 'dbt', 'action': 'invocation', 'label': 'start', 'context': [<snowplow_tracker.self_describing_json.SelfDescribingJson object at 0x7fb118b02120>, <snowplow_tracker.self_describing_json.SelfDescribingJson object at 0x7fb1166c8c20>, <snowplow_tracker.self_describing_json.SelfDescribingJson object at 0x7fb1167f5280>]}


============================== 09:26:39.204905 | a64d2f39-d76d-44b0-a213-135854252350 ==============================
[0m09:26:39.204905 [info ] [MainThread]: Running with dbt=1.11.5
[0m09:26:39.205577 [debug] [MainThread]: running dbt with arguments {'quiet': 'False', 'use_colors': 'True', 'invocation_command': 'dbt init dbt_project', 'write_json': 'True', 'profiles_dir': '/home/caelan/.dbt', 'warn_error_options': 'WarnErrorOptionsV2(error=[], warn=[], silence=[])', 'static_parser': 'True', 'version_check': 'True', 'log_cache_events': 'False', 'target_path': 'None', 'indirect_selection': 'eager', 'cache_selected_only': 'False', 'debug': 'False', 'empty': 'None', 'fail_fast': 'False', 'log_format': 'default', 'use_experimental_parser': 'False', 'partial_parse': 'True', 'no_print': 'None', 'warn_error': 'None', 'introspect': 'True', 'printer_width': '80', 'send_anonymous_usage_stats': 'True', 'log_path': 'logs'}
[0m09:26:39.214943 [info ] [MainThread]: A project called dbt_project already exists here.
[0m09:26:39.216232 [debug] [MainThread]: Resource report: {"command_name": "init", "command_success": true, "command_wall_clock_time": 0.09934251, "process_in_blocks": "0", "process_kernel_time": 0.199435, "process_mem_max_rss": "101260", "process_out_blocks": "8", "process_user_time": 1.83924}
[0m09:26:39.216771 [debug] [MainThread]: Command `dbt init` succeeded at 09:26:39.216660 after 0.10 seconds
[0m09:26:39.217211 [debug] [MainThread]: Sending event: {'category': 'dbt', 'action': 'invocation', 'label': 'end', 'context': [<snowplow_tracker.self_describing_json.SelfDescribingJson object at 0x7fb11682c770>, <snowplow_tracker.self_describing_json.SelfDescribingJson object at 0x7fb1165b5c70>, <snowplow_tracker.self_describing_json.SelfDescribingJson object at 0x7fb1162e0bf0>]}
[0m09:26:39.217665 [debug] [MainThread]: Flushing usage events
[0m09:26:49.244491 [debug] [MainThread]: An error was encountered while trying to flush usage events
